2024-01-31T05:29:54.547188+03:00 0x00000870 <INFO> RoomsPlatformUtils: Process invoked without rooms flag, no platform ID override provided
2024-01-31T05:29:54.547188+03:00 0x00001ce4 <INFO> SingleThreadedWorker: Waiting for Work on worker thread : TelemetryServiceWorker
2024-01-31T05:29:54.609674+03:00 0x00000870 <INFO> TelemetryService: Sampling rules from previous session recovered
2024-01-31T05:29:54.609674+03:00 0x00000870 <INFO> BackgroundTaskBase: Registering msteamsupdate.exe as bgtask com server for task: TeamsAsyncUpdaterTask
2024-01-31T05:29:54.609674+03:00 0x00000870 <INFO> Scenario: shell_bgtask_comserverregistration [start,success] Scenario.Status:success, Scenario.Step:start, delta:0, elapsed:0, elapsedSinceProcessStart:381, sequence:0
2024-01-31T05:29:54.640918+03:00 0x00002e7c <INFO> AsyncUpdaterTask: Starting updater background task
2024-01-31T05:29:54.640918+03:00 0x00002e7c <INFO> Scenario: shell_ecs_refresh [start,success] Scenario.Status:success, Scenario.Step:start, delta:0, elapsed:0, elapsedSinceProcessStart:411, sequence:0
2024-01-31T05:29:54.703402+03:00 0x00002e7c <INFO> Scenario: shell_peristent_storage_read [start,success] Scenario.Status:success, Scenario.Step:start, delta:0, elapsed:57, elapsedSinceProcessStart:468, sequence:0
2024-01-31T05:29:54.703402+03:00 0x00002e7c <INFO> TelemetryService: Restored sampling rules from previous session
2024-01-31T05:29:54.703402+03:00 0x00002e7c <INFO> Scenario: shell_peristent_storage_read [stop,abandoned] InstanceId:8ab7b7fb-849e-4c44-a691-be0f3187c50c, Scenario.Mode:1, Scenario.Name:shell_peristent_storage_read, Scenario.Status:abandoned, Scenario.Step:stop, delta:1, elapsed:58, elapsedSinceProcessStart:469, error:no such file or directory, fileName:configuration.json, previousStep:start, sequence:1, stepDelta:1
2024-01-31T05:29:54.719023+03:00 0x00002e7c <INFO> Scenario: shell_peristent_storage_read [start,success] Scenario.Status:success, Scenario.Step:start, delta:0, elapsed:67, elapsedSinceProcessStart:478, sequence:0
2024-01-31T05:29:54.719023+03:00 0x00002e7c <INFO> Scenario: shell_peristent_storage_read [stop,success] InstanceId:aab74cef-ffc3-4ee5-b231-41bbdcfcd637, Scenario.Mode:1, Scenario.Name:shell_peristent_storage_read, Scenario.Status:success, Scenario.Step:stop, delta:9, elapsed:76, elapsedSinceProcessStart:487, fileName:ecs_request_param.json, previousStep:start, sequence:1, stepDelta:9
2024-01-31T05:29:54.719023+03:00 0x00002e7c <INFO> TelemetryService: No primary user detected during a SetUserTenantId Call, setting 9188040d-6c67-4c5b-b112-36a304b66dad as default tenant
2024-01-31T05:29:54.719023+03:00 0x00002e7c <INFO> TelemetryService: No primary user detected during a SetUserId Call, setting 00000000-0000-0000-1184-934a1875c200 as UserInfo_Id
2024-01-31T05:29:54.719023+03:00 0x00002e7c <INFO> AsyncUpdaterTask: Starting ecs fetch
2024-01-31T05:29:54.750267+03:00 0x00002e7c <INFO> Scenario: shell_ecs_cache [start,success] Scenario.Status:success, Scenario.Step:start, delta:0, elapsed:98, elapsedSinceProcessStart:509, sequence:0
2024-01-31T05:29:54.750267+03:00 0x00002e7c <INFO> Scenario: shell_ecs_cache [stop,success] InstanceId:e67165a4-fd5a-4fee-a303-dd3c71929484, LatestVersion:23335.242.2641.4129, LatestVersionPath:/BuildSettings/WebView2/x64/latestVersion, Scenario.Mode:1, Scenario.Name:shell_ecs_cache, Scenario.Status:success, Scenario.Step:stop, StatusCode:, TeamsBuilds:["arm64","x64","x86"], TeamsWebView2:["app","auth","autostart","core","deviceCapability","ecs","extensibility","hfpCallManager","logging","meetNow","nativeModules","nbaFinalExperience","security","systemTray","taskbar","telemetry","thirdPartyDevices","tma","toasts","update","uxStateError","webLauncher","webNrc","webview","windowcontrols"], configExpiryTimeInSec:0, delta:10, elapsed:108, elapsedSinceProcessStart:519, expiry:Wed, 31 Jan 2024 07:28:33 GMT, previousStep:start, process:updater, requestParameters:{"ClientId":"d4dd0bc8-6927-40de-bb1b-530af98ad8de","aaduserid":"00000000-0000-0000-1184-934a1875c200","agents":"TeamsBuilds,TeamsWebview2","audience":"general","cloud":"Consumer","cpuarch":"x64","desktopVersion":"23335.242.2641.4129","environment":"life","id":"00000000-0000-0000-1184-934a1875c200","osplatform":"windows","osversion":"10.0.22621","teamslocale":"en-us","teamsring":"general","tenantId":"9188040d-6c67-4c5b-b112-36a304b66dad"}, sequence:1, stepDelta:10
2024-01-31T05:29:54.750267+03:00 0x00002e7c <INFO> EcsFetchCompletion: Ecs settings are already up to date
2024-01-31T05:29:54.750267+03:00 0x00002e7c <INFO> Scenario: shell_ecs_refresh [stop,abandoned] InstanceId:a5fa4f90-58a3-42ce-a67a-d193d50ee8e3, Scenario.Mode:1, Scenario.Name:shell_ecs_refresh, Scenario.Status:abandoned, Scenario.Step:stop, delta:109, elapsed:109, elapsedSinceProcessStart:520, previousStep:start, reason:up to date, sequence:1, stepDelta:109
2024-01-31T05:29:54.765888+03:00 0x00002e7c <INFO> AsyncUpdaterTask: Using cancellation flow version 0
2024-01-31T05:29:54.765888+03:00 0x00002e7c <INFO> AsyncUpdaterTask: Completed ecs fetch. Result is 0
2024-01-31T05:29:54.765888+03:00 0x00002e7c <INFO> GetBuildDaysTillEnd: Current build age is: 61
2024-01-31T05:29:54.781509+03:00 0x00002e7c <INFO> Scenario: shell_msix_update [start,success] Scenario.Status:success, Scenario.Step:start, delta:0, elapsed:128, elapsedSinceProcessStart:539, sequence:0
2024-01-31T05:29:54.781509+03:00 0x00002e7c <ERR>  DeploymentProviderMSIX: Already up to date
2024-01-31T05:29:54.781509+03:00 0x00002e7c <ERR>  WIL: msteamsupdate.exe!00007FF61289C6C4: LogHr(1) tid(2e7c) 800704C7 The operation was canceled by the user.
2024-01-31T05:29:54.781509+03:00 0x00002e7c <ERR>  WIL: msteamsupdate.exe!00007FF6129E3D36: ReturnHr(1) tid(2e7c) 800704C7 The operation was canceled by the user.
    Msg:[winrt::hresult_error: The operation was canceled by the user.] 
2024-01-31T05:29:54.781509+03:00 0x00002e7c <INFO> Scenario: shell_msix_update [stop,success] CurrentVersion:23335.242.2641.4129, DeviceInfo_OfficeMachineId:151589c7-9a28-144f-9ead-997975e593b5, ErrorText:, ExtendedErrorCode:0x0
, GenericErrorCode:0x800704c7
, InstanceId:372dd25f-6665-4f78-aa5e-f19d74b71d01, LatestVersion:23335.242.2641.4129, Scenario.Mode:3, Scenario.Name:shell_msix_update, Scenario.Status:success, Scenario.Step:stop, Scenario.Steps:[{"Scenario.Status":"success","Scenario.Step":"stop","delta":6,"elapsed":134,"elapsedSinceProcessStart":545,"previousStep":"start","sequence":1,"stepDelta":6}], Scenario.StepsEx:[{"CurrentVersion":"23335.242.2641.4129","DeviceInfo_OfficeMachineId":"151589c7-9a28-144f-9ead-997975e593b5","ErrorText":"","ExtendedErrorCode":"0x0\n","GenericErrorCode":"0x800704c7\n","LatestVersion":"23335.242.2641.4129","UpdateCheckReason":"BgUpdateCheck","UpdateFailureCount":0,"UpdateUrl":"https://statics.teams.cdn.office.net/production-windows-x64/23335.242.2641.4129/MicrosoftTeams-x64.msix","reason":"uptodate","update-current-version":"23335.242.2641.4129"}], UpdateCheckReason:BgUpdateCheck, UpdateFailureCount:0, UpdateUrl:https://statics.teams.cdn.office.net/production-windows-x64/23335.242.2641.4129/MicrosoftTeams-x64.msix, delta:6, elapsed:134, elapsedSinceProcessStart:545, previousStep:start, reason:uptodate, sequence:1, stepDelta:6, update-current-version:23335.242.2641.4129
2024-01-31T05:29:54.781509+03:00 0x00002e7c <INFO> Scenario: shell_install_msi_addin [start,success] Scenario.Status:success, Scenario.Step:start, delta:0, elapsed:135, elapsedSinceProcessStart:546, sequence:0
2024-01-31T05:29:54.781509+03:00 0x00002e7c <INFO> Scenario: shell_install_msi_addin [stop,abandoned] InstanceId:58bafa3b-3576-40f6-9b88-19ce23c90d92, Scenario.Mode:3, Scenario.Name:shell_install_msi_addin, Scenario.Status:abandoned, Scenario.Step:stop, Scenario.Steps:[{"Scenario.Status":"abandoned","Scenario.Step":"stop","delta":5,"elapsed":140,"elapsedSinceProcessStart":551,"previousStep":"start","sequence":1,"stepDelta":5}], Scenario.StepsEx:[{"UpdateCheckReason":"BackgroundUpdate","reason":"flag_off"}], UpdateCheckReason:BackgroundUpdate, delta:5, elapsed:140, elapsedSinceProcessStart:551, previousStep:start, reason:flag_off, sequence:1, stepDelta:5
2024-01-31T05:29:54.781509+03:00 0x00002e7c <INFO> AsyncUpdaterTask: Updater task completed
2024-01-31T05:29:54.781509+03:00 0x00000870 <INFO> Scenario: shell_bgtask_comserverregistration [stop,success] InstanceId:74c2edcd-a38e-449b-badc-f3ac0d20f202, Scenario.Mode:3, Scenario.Name:shell_bgtask_comserverregistration, Scenario.Status:success, Scenario.Step:stop, Scenario.Steps:[{"Scenario.Status":"success","Scenario.Step":"stop","delta":172,"elapsed":172,"elapsedSinceProcessStart":553,"previousStep":"start","sequence":1,"stepDelta":172}], Scenario.StepsEx:[{"taskName":"TeamsAsyncUpdaterTask"}], delta:172, elapsed:172, elapsedSinceProcessStart:553, previousStep:start, sequence:1, stepDelta:172, taskName:TeamsAsyncUpdaterTask
2024-01-31T05:29:55.922275+03:00 0x00000870 <INFO> TelemetryService: Telemetry service stopped
