2024-02-01T06:55:44.105894+03:00 0x00001e20 <INFO> RoomsPlatformUtils: Process invoked without rooms flag, no platform ID override provided
2024-02-01T06:55:44.115097+03:00 0x00001464 <INFO> SingleThreadedWorker: Waiting for Work on worker thread : TelemetryServiceWorker
2024-02-01T06:55:44.201926+03:00 0x00001e20 <INFO> TelemetryService: Sampling rules from previous session recovered
2024-02-01T06:55:44.206986+03:00 0x00001e20 <INFO> BackgroundTaskBase: Registering msteamsupdate.exe as bgtask com server for task: TeamsAsyncUpdaterTask
2024-02-01T06:55:44.206986+03:00 0x00001e20 <INFO> Scenario: shell_bgtask_comserverregistration [start,success] Scenario.Status:success, Scenario.Step:start, delta:0, elapsed:0, elapsedSinceProcessStart:704, sequence:0
2024-02-01T06:55:44.236393+03:00 0x000021f0 <INFO> AsyncUpdaterTask: Starting updater background task
2024-02-01T06:55:44.237241+03:00 0x000021f0 <INFO> Scenario: shell_ecs_refresh [start,success] Scenario.Status:success, Scenario.Step:start, delta:0, elapsed:0, elapsedSinceProcessStart:734, sequence:0
2024-02-01T06:55:44.320001+03:00 0x000021f0 <INFO> Scenario: shell_peristent_storage_read [start,success] Scenario.Status:success, Scenario.Step:start, delta:0, elapsed:83, elapsedSinceProcessStart:817, sequence:0
2024-02-01T06:55:44.321000+03:00 0x000021f0 <INFO> TelemetryService: Restored sampling rules from previous session
2024-02-01T06:55:44.321000+03:00 0x000021f0 <INFO> Scenario: shell_peristent_storage_read [stop,abandoned] InstanceId:65d4e8bc-ddc9-4e13-92b8-b8de71241fe8, Scenario.Mode:1, Scenario.Name:shell_peristent_storage_read, Scenario.Status:abandoned, Scenario.Step:stop, delta:0, elapsed:83, elapsedSinceProcessStart:817, error:no such file or directory, fileName:configuration.json, previousStep:start, sequence:1, stepDelta:0
2024-02-01T06:55:44.329704+03:00 0x000021f0 <INFO> Scenario: shell_peristent_storage_read [start,success] Scenario.Status:success, Scenario.Step:start, delta:0, elapsed:93, elapsedSinceProcessStart:827, sequence:0
2024-02-01T06:55:44.337719+03:00 0x000021f0 <INFO> Scenario: shell_peristent_storage_read [stop,success] InstanceId:8fff2777-8298-494f-b6d0-3e63e03303b2, Scenario.Mode:1, Scenario.Name:shell_peristent_storage_read, Scenario.Status:success, Scenario.Step:stop, delta:8, elapsed:101, elapsedSinceProcessStart:835, fileName:ecs_request_param.json, previousStep:start, sequence:1, stepDelta:8
2024-02-01T06:55:44.338716+03:00 0x000021f0 <INFO> TelemetryService: No primary user detected during a SetUserTenantId Call, setting 9188040d-6c67-4c5b-b112-36a304b66dad as default tenant
2024-02-01T06:55:44.341707+03:00 0x000021f0 <INFO> TelemetryService: No primary user detected during a SetUserId Call, setting 00000000-0000-0000-1184-934a1875c200 as UserInfo_Id
2024-02-01T06:55:44.341707+03:00 0x000021f0 <INFO> AsyncUpdaterTask: Starting ecs fetch
2024-02-01T06:55:44.359756+03:00 0x000021f0 <INFO> Scenario: shell_ecs_cache [start,success] Scenario.Status:success, Scenario.Step:start, delta:0, elapsed:123, elapsedSinceProcessStart:857, sequence:0
2024-02-01T06:55:44.368806+03:00 0x000021f0 <INFO> Scenario: shell_ecs_cache [stop,success] InstanceId:c857e698-fe09-42c8-9585-ee81e49b65cb, LatestVersion:23335.242.2641.4129, LatestVersionPath:/BuildSettings/WebView2/x64/latestVersion, Scenario.Mode:1, Scenario.Name:shell_ecs_cache, Scenario.Status:success, Scenario.Step:stop, StatusCode:, TeamsBuilds:["arm64","x64","x86"], TeamsWebView2:["app","auth","autostart","core","deviceCapability","ecs","extensibility","hfpCallManager","logging","meetNow","nativeModules","nbaFinalExperience","security","systemTray","taskbar","telemetry","thirdPartyDevices","tma","toasts","update","uxStateError","webLauncher","webNrc","webview","windowcontrols"], configExpiryTimeInSec:0, delta:9, elapsed:132, elapsedSinceProcessStart:866, expiry:Thu, 01 Feb 2024 08:51:35 GMT, previousStep:start, process:updater, requestParameters:{"ClientId":"d4dd0bc8-6927-40de-bb1b-530af98ad8de","aaduserid":"00000000-0000-0000-1184-934a1875c200","agents":"TeamsBuilds,TeamsWebview2","audience":"general","cloud":"Consumer","cpuarch":"x64","desktopVersion":"23335.242.2641.4129","environment":"life","id":"00000000-0000-0000-1184-934a1875c200","osplatform":"windows","osversion":"10.0.22621","teamslocale":"en-us","teamsring":"general","tenantId":"9188040d-6c67-4c5b-b112-36a304b66dad"}, sequence:1, stepDelta:9
2024-02-01T06:55:44.369804+03:00 0x000021f0 <INFO> EcsFetchCompletion: Ecs settings are already up to date
2024-02-01T06:55:44.370801+03:00 0x000021f0 <INFO> Scenario: shell_ecs_refresh [stop,abandoned] InstanceId:806d735d-90c1-4f24-98d2-3cf94bc65fc7, Scenario.Mode:1, Scenario.Name:shell_ecs_refresh, Scenario.Status:abandoned, Scenario.Step:stop, delta:133, elapsed:133, elapsedSinceProcessStart:867, previousStep:start, reason:up to date, sequence:1, stepDelta:133
2024-02-01T06:55:44.381344+03:00 0x000021f0 <INFO> AsyncUpdaterTask: Using cancellation flow version 0
2024-02-01T06:55:44.381344+03:00 0x000021f0 <INFO> AsyncUpdaterTask: Completed ecs fetch. Result is 0
2024-02-01T06:55:44.383339+03:00 0x000021f0 <INFO> GetBuildDaysTillEnd: Current build age is: 62
2024-02-01T06:55:44.389351+03:00 0x000021f0 <INFO> Scenario: shell_msix_update [start,success] Scenario.Status:success, Scenario.Step:start, delta:0, elapsed:152, elapsedSinceProcessStart:886, sequence:0
2024-02-01T06:55:44.394842+03:00 0x000021f0 <ERR>  DeploymentProviderMSIX: Already up to date
2024-02-01T06:55:44.395346+03:00 0x000021f0 <ERR>  WIL: msteamsupdate.exe!00007FF7DD9CC6C4: LogHr(1) tid(21f0) 800704C7 The operation was canceled by the user.
2024-02-01T06:55:44.395346+03:00 0x000021f0 <ERR>  WIL: msteamsupdate.exe!00007FF7DDB13D36: ReturnHr(1) tid(21f0) 800704C7 The operation was canceled by the user.
    Msg:[winrt::hresult_error: The operation was canceled by the user.] 
2024-02-01T06:55:44.396328+03:00 0x000021f0 <INFO> Scenario: shell_msix_update [stop,success] CurrentVersion:23335.242.2641.4129, DeviceInfo_OfficeMachineId:151589c7-9a28-144f-9ead-997975e593b5, ErrorText:, ExtendedErrorCode:0x0
, GenericErrorCode:0x800704c7
, InstanceId:bf33e88f-7af5-46e2-9747-03b936dba965, LatestVersion:23335.242.2641.4129, Scenario.Mode:3, Scenario.Name:shell_msix_update, Scenario.Status:success, Scenario.Step:stop, Scenario.Steps:[{"Scenario.Status":"success","Scenario.Step":"stop","delta":7,"elapsed":159,"elapsedSinceProcessStart":893,"previousStep":"start","sequence":1,"stepDelta":7}], Scenario.StepsEx:[{"CurrentVersion":"23335.242.2641.4129","DeviceInfo_OfficeMachineId":"151589c7-9a28-144f-9ead-997975e593b5","ErrorText":"","ExtendedErrorCode":"0x0\n","GenericErrorCode":"0x800704c7\n","LatestVersion":"23335.242.2641.4129","UpdateCheckReason":"BgUpdateCheck","UpdateFailureCount":0,"UpdateUrl":"https://statics.teams.cdn.office.net/production-windows-x64/23335.242.2641.4129/MicrosoftTeams-x64.msix","reason":"uptodate","update-current-version":"23335.242.2641.4129"}], UpdateCheckReason:BgUpdateCheck, UpdateFailureCount:0, UpdateUrl:https://statics.teams.cdn.office.net/production-windows-x64/23335.242.2641.4129/MicrosoftTeams-x64.msix, delta:7, elapsed:159, elapsedSinceProcessStart:893, previousStep:start, reason:uptodate, sequence:1, stepDelta:7, update-current-version:23335.242.2641.4129
2024-02-01T06:55:44.397357+03:00 0x000021f0 <INFO> Scenario: shell_install_msi_addin [start,success] Scenario.Status:success, Scenario.Step:start, delta:0, elapsed:160, elapsedSinceProcessStart:894, sequence:0
2024-02-01T06:55:44.401347+03:00 0x000021f0 <INFO> Scenario: shell_install_msi_addin [stop,abandoned] InstanceId:c013e875-55d0-449f-8e16-e956cc7389ac, Scenario.Mode:3, Scenario.Name:shell_install_msi_addin, Scenario.Status:abandoned, Scenario.Step:stop, Scenario.Steps:[{"Scenario.Status":"abandoned","Scenario.Step":"stop","delta":4,"elapsed":164,"elapsedSinceProcessStart":898,"previousStep":"start","sequence":1,"stepDelta":4}], Scenario.StepsEx:[{"UpdateCheckReason":"BackgroundUpdate","reason":"flag_off"}], UpdateCheckReason:BackgroundUpdate, delta:4, elapsed:164, elapsedSinceProcessStart:898, previousStep:start, reason:flag_off, sequence:1, stepDelta:4
2024-02-01T06:55:44.402344+03:00 0x000021f0 <INFO> AsyncUpdaterTask: Updater task completed
2024-02-01T06:55:44.403344+03:00 0x00001e20 <INFO> Scenario: shell_bgtask_comserverregistration [stop,success] InstanceId:fe440b47-c5d5-4dc8-94fb-99e8a18802b7, Scenario.Mode:3, Scenario.Name:shell_bgtask_comserverregistration, Scenario.Status:success, Scenario.Step:stop, Scenario.Steps:[{"Scenario.Status":"success","Scenario.Step":"stop","delta":196,"elapsed":196,"elapsedSinceProcessStart":900,"previousStep":"start","sequence":1,"stepDelta":196}], Scenario.StepsEx:[{"taskName":"TeamsAsyncUpdaterTask"}], delta:196, elapsed:196, elapsedSinceProcessStart:900, previousStep:start, sequence:1, stepDelta:196, taskName:TeamsAsyncUpdaterTask
2024-02-01T06:55:45.485065+03:00 0x00001e20 <INFO> TelemetryService: Telemetry service stopped
