2024-01-31T20:38:18.805884+03:00 0x00001b30 <INFO> RoomsPlatformUtils: Process invoked without rooms flag, no platform ID override provided
2024-01-31T20:38:18.811914+03:00 0x000008cc <INFO> SingleThreadedWorker: Waiting for Work on worker thread : TelemetryServiceWorker
2024-01-31T20:38:18.861539+03:00 0x00001b30 <INFO> TelemetryService: Sampling rules from previous session recovered
2024-01-31T20:38:18.866168+03:00 0x00001b30 <INFO> BackgroundTaskBase: Registering msteamsupdate.exe as bgtask com server for task: TeamsAsyncUpdaterTask
2024-01-31T20:38:18.866168+03:00 0x00001b30 <INFO> Scenario: shell_bgtask_comserverregistration [start,success] Scenario.Status:success, Scenario.Step:start, delta:0, elapsed:0, elapsedSinceProcessStart:294, sequence:0
2024-01-31T20:38:18.884744+03:00 0x00002118 <INFO> AsyncUpdaterTask: Starting updater background task
2024-01-31T20:38:18.884744+03:00 0x00002118 <INFO> Scenario: shell_ecs_refresh [start,success] Scenario.Status:success, Scenario.Step:start, delta:0, elapsed:0, elapsedSinceProcessStart:313, sequence:0
2024-01-31T20:38:18.922660+03:00 0x00002118 <INFO> Scenario: shell_peristent_storage_read [start,success] Scenario.Status:success, Scenario.Step:start, delta:0, elapsed:38, elapsedSinceProcessStart:351, sequence:0
2024-01-31T20:38:18.922660+03:00 0x00002118 <INFO> TelemetryService: Restored sampling rules from previous session
2024-01-31T20:38:18.922660+03:00 0x00002118 <INFO> Scenario: shell_peristent_storage_read [stop,abandoned] InstanceId:84d9cea5-4676-467b-bd1e-991a38f74eec, Scenario.Mode:1, Scenario.Name:shell_peristent_storage_read, Scenario.Status:abandoned, Scenario.Step:stop, delta:0, elapsed:38, elapsedSinceProcessStart:351, error:no such file or directory, fileName:configuration.json, previousStep:start, sequence:1, stepDelta:0
2024-01-31T20:38:18.929460+03:00 0x00002118 <INFO> Scenario: shell_peristent_storage_read [start,success] Scenario.Status:success, Scenario.Step:start, delta:0, elapsed:46, elapsedSinceProcessStart:359, sequence:0
2024-01-31T20:38:18.935860+03:00 0x00002118 <INFO> Scenario: shell_peristent_storage_read [stop,success] InstanceId:aacb925b-c3e4-4ddc-9e02-e32f0b5dafc3, Scenario.Mode:1, Scenario.Name:shell_peristent_storage_read, Scenario.Status:success, Scenario.Step:stop, delta:7, elapsed:53, elapsedSinceProcessStart:366, fileName:ecs_request_param.json, previousStep:start, sequence:1, stepDelta:7
2024-01-31T20:38:18.935860+03:00 0x00002118 <INFO> TelemetryService: No primary user detected during a SetUserTenantId Call, setting 9188040d-6c67-4c5b-b112-36a304b66dad as default tenant
2024-01-31T20:38:18.935860+03:00 0x00002118 <INFO> TelemetryService: No primary user detected during a SetUserId Call, setting 00000000-0000-0000-1184-934a1875c200 as UserInfo_Id
2024-01-31T20:38:18.935860+03:00 0x00002118 <INFO> AsyncUpdaterTask: Starting ecs fetch
2024-01-31T20:38:18.953859+03:00 0x00002118 <INFO> Scenario: shell_ecs_cache [start,success] Scenario.Status:success, Scenario.Step:start, delta:0, elapsed:69, elapsedSinceProcessStart:382, sequence:0
2024-01-31T20:38:18.961870+03:00 0x00002118 <INFO> Scenario: shell_ecs_cache [stop,success] InstanceId:428a1d0f-9649-462d-87a2-06ee47eddee0, LatestVersion:23335.242.2641.4129, LatestVersionPath:/BuildSettings/WebView2/x64/latestVersion, Scenario.Mode:1, Scenario.Name:shell_ecs_cache, Scenario.Status:success, Scenario.Step:stop, StatusCode:, TeamsBuilds:["arm64","x64","x86"], TeamsWebView2:["app","auth","autostart","core","deviceCapability","ecs","extensibility","hfpCallManager","logging","meetNow","nativeModules","nbaFinalExperience","security","systemTray","taskbar","telemetry","thirdPartyDevices","tma","toasts","update","uxStateError","webLauncher","webNrc","webview","windowcontrols"], configExpiryTimeInSec:0, delta:8, elapsed:77, elapsedSinceProcessStart:390, expiry:Wed, 31 Jan 2024 20:44:41 GMT, previousStep:start, process:updater, requestParameters:{"ClientId":"d4dd0bc8-6927-40de-bb1b-530af98ad8de","aaduserid":"00000000-0000-0000-1184-934a1875c200","agents":"TeamsBuilds,TeamsWebview2","audience":"general","cloud":"Consumer","cpuarch":"x64","desktopVersion":"23335.242.2641.4129","environment":"life","id":"00000000-0000-0000-1184-934a1875c200","osplatform":"windows","osversion":"10.0.22621","teamslocale":"en-us","teamsring":"general","tenantId":"9188040d-6c67-4c5b-b112-36a304b66dad"}, sequence:1, stepDelta:8
2024-01-31T20:38:18.962952+03:00 0x00002118 <INFO> EcsFetchCompletion: Ecs settings are already up to date
2024-01-31T20:38:18.963960+03:00 0x00002118 <INFO> Scenario: shell_ecs_refresh [stop,abandoned] InstanceId:8d0667eb-ccf5-4e24-9689-34f6f2817b34, Scenario.Mode:1, Scenario.Name:shell_ecs_refresh, Scenario.Status:abandoned, Scenario.Step:stop, delta:78, elapsed:78, elapsedSinceProcessStart:391, previousStep:start, reason:up to date, sequence:1, stepDelta:78
2024-01-31T20:38:18.973960+03:00 0x00002118 <INFO> AsyncUpdaterTask: Using cancellation flow version 0
2024-01-31T20:38:18.973960+03:00 0x00002118 <INFO> AsyncUpdaterTask: Completed ecs fetch. Result is 0
2024-01-31T20:38:18.975894+03:00 0x00002118 <INFO> GetBuildDaysTillEnd: Current build age is: 61
2024-01-31T20:38:18.981959+03:00 0x00002118 <INFO> Scenario: shell_msix_update [start,success] Scenario.Status:success, Scenario.Step:start, delta:0, elapsed:97, elapsedSinceProcessStart:410, sequence:0
2024-01-31T20:38:18.984967+03:00 0x00002118 <ERR>  DeploymentProviderMSIX: Already up to date
2024-01-31T20:38:18.984967+03:00 0x00002118 <ERR>  WIL: msteamsupdate.exe!00007FF64A41C6C4: LogHr(1) tid(2118) 800704C7 The operation was canceled by the user.
2024-01-31T20:38:18.985977+03:00 0x00002118 <ERR>  WIL: msteamsupdate.exe!00007FF64A563D36: ReturnHr(1) tid(2118) 800704C7 The operation was canceled by the user.
    Msg:[winrt::hresult_error: The operation was canceled by the user.] 
2024-01-31T20:38:18.985977+03:00 0x00002118 <INFO> Scenario: shell_msix_update [stop,success] CurrentVersion:23335.242.2641.4129, DeviceInfo_OfficeMachineId:151589c7-9a28-144f-9ead-997975e593b5, ErrorText:, ExtendedErrorCode:0x0
, GenericErrorCode:0x800704c7
, InstanceId:2db560ae-94ec-47ed-948a-644a263edcc6, LatestVersion:23335.242.2641.4129, Scenario.Mode:3, Scenario.Name:shell_msix_update, Scenario.Status:success, Scenario.Step:stop, Scenario.Steps:[{"Scenario.Status":"success","Scenario.Step":"stop","delta":4,"elapsed":101,"elapsedSinceProcessStart":414,"previousStep":"start","sequence":1,"stepDelta":4}], Scenario.StepsEx:[{"CurrentVersion":"23335.242.2641.4129","DeviceInfo_OfficeMachineId":"151589c7-9a28-144f-9ead-997975e593b5","ErrorText":"","ExtendedErrorCode":"0x0\n","GenericErrorCode":"0x800704c7\n","LatestVersion":"23335.242.2641.4129","UpdateCheckReason":"BgUpdateCheck","UpdateFailureCount":0,"UpdateUrl":"https://statics.teams.cdn.office.net/production-windows-x64/23335.242.2641.4129/MicrosoftTeams-x64.msix","reason":"uptodate","update-current-version":"23335.242.2641.4129"}], UpdateCheckReason:BgUpdateCheck, UpdateFailureCount:0, UpdateUrl:https://statics.teams.cdn.office.net/production-windows-x64/23335.242.2641.4129/MicrosoftTeams-x64.msix, delta:4, elapsed:101, elapsedSinceProcessStart:414, previousStep:start, reason:uptodate, sequence:1, stepDelta:4, update-current-version:23335.242.2641.4129
2024-01-31T20:38:18.986977+03:00 0x00002118 <INFO> Scenario: shell_install_msi_addin [start,success] Scenario.Status:success, Scenario.Step:start, delta:0, elapsed:102, elapsedSinceProcessStart:415, sequence:0
2024-01-31T20:38:18.988972+03:00 0x00002118 <INFO> Scenario: shell_install_msi_addin [stop,abandoned] InstanceId:add3d851-8ba5-4496-a55b-ca872130cb53, Scenario.Mode:3, Scenario.Name:shell_install_msi_addin, Scenario.Status:abandoned, Scenario.Step:stop, Scenario.Steps:[{"Scenario.Status":"abandoned","Scenario.Step":"stop","delta":2,"elapsed":104,"elapsedSinceProcessStart":417,"previousStep":"start","sequence":1,"stepDelta":2}], Scenario.StepsEx:[{"UpdateCheckReason":"BackgroundUpdate","reason":"flag_off"}], UpdateCheckReason:BackgroundUpdate, delta:2, elapsed:104, elapsedSinceProcessStart:417, previousStep:start, reason:flag_off, sequence:1, stepDelta:2
2024-01-31T20:38:18.990967+03:00 0x00002118 <INFO> AsyncUpdaterTask: Updater task completed
2024-01-31T20:38:18.990967+03:00 0x00001b30 <INFO> Scenario: shell_bgtask_comserverregistration [stop,success] InstanceId:0eea800a-0035-49ca-9465-d74fbfc75b51, Scenario.Mode:3, Scenario.Name:shell_bgtask_comserverregistration, Scenario.Status:success, Scenario.Step:stop, Scenario.Steps:[{"Scenario.Status":"success","Scenario.Step":"stop","delta":125,"elapsed":125,"elapsedSinceProcessStart":419,"previousStep":"start","sequence":1,"stepDelta":125}], Scenario.StepsEx:[{"taskName":"TeamsAsyncUpdaterTask"}], delta:125, elapsed:125, elapsedSinceProcessStart:419, previousStep:start, sequence:1, stepDelta:125, taskName:TeamsAsyncUpdaterTask
2024-01-31T20:38:20.061951+03:00 0x00001b30 <INFO> TelemetryService: Telemetry service stopped
