2024-01-31T18:38:18.814923+03:00 0x00003190 <INFO> RoomsPlatformUtils: Process invoked without rooms flag, no platform ID override provided
2024-01-31T18:38:18.818557+03:00 0x00000d14 <INFO> SingleThreadedWorker: Waiting for Work on worker thread : TelemetryServiceWorker
2024-01-31T18:38:18.872632+03:00 0x00003190 <INFO> TelemetryService: Sampling rules from previous session recovered
2024-01-31T18:38:18.875623+03:00 0x00003190 <INFO> BackgroundTaskBase: Registering msteamsupdate.exe as bgtask com server for task: TeamsAsyncUpdaterTask
2024-01-31T18:38:18.875623+03:00 0x00003190 <INFO> Scenario: shell_bgtask_comserverregistration [start,success] Scenario.Status:success, Scenario.Step:start, delta:0, elapsed:0, elapsedSinceProcessStart:337, sequence:0
2024-01-31T18:38:18.899158+03:00 0x00000c34 <INFO> AsyncUpdaterTask: Starting updater background task
2024-01-31T18:38:18.899158+03:00 0x00000c34 <INFO> Scenario: shell_ecs_refresh [start,success] Scenario.Status:success, Scenario.Step:start, delta:0, elapsed:0, elapsedSinceProcessStart:360, sequence:0
2024-01-31T18:38:18.945648+03:00 0x00000c34 <INFO> Scenario: shell_peristent_storage_read [start,success] Scenario.Status:success, Scenario.Step:start, delta:0, elapsed:47, elapsedSinceProcessStart:407, sequence:0
2024-01-31T18:38:18.945648+03:00 0x00000c34 <INFO> TelemetryService: Restored sampling rules from previous session
2024-01-31T18:38:18.945648+03:00 0x00000c34 <INFO> Scenario: shell_peristent_storage_read [stop,abandoned] InstanceId:ad6218bb-980f-48dc-8d6b-e6040350408c, Scenario.Mode:1, Scenario.Name:shell_peristent_storage_read, Scenario.Status:abandoned, Scenario.Step:stop, delta:0, elapsed:47, elapsedSinceProcessStart:407, error:no such file or directory, fileName:configuration.json, previousStep:start, sequence:1, stepDelta:0
2024-01-31T18:38:18.953177+03:00 0x00000c34 <INFO> Scenario: shell_peristent_storage_read [start,success] Scenario.Status:success, Scenario.Step:start, delta:0, elapsed:54, elapsedSinceProcessStart:414, sequence:0
2024-01-31T18:38:18.960674+03:00 0x00000c34 <INFO> Scenario: shell_peristent_storage_read [stop,success] InstanceId:ac60209f-a251-45a3-b4ee-7e92eea5493b, Scenario.Mode:1, Scenario.Name:shell_peristent_storage_read, Scenario.Status:success, Scenario.Step:stop, delta:7, elapsed:61, elapsedSinceProcessStart:421, fileName:ecs_request_param.json, previousStep:start, sequence:1, stepDelta:7
2024-01-31T18:38:18.960674+03:00 0x00000c34 <INFO> TelemetryService: No primary user detected during a SetUserTenantId Call, setting 9188040d-6c67-4c5b-b112-36a304b66dad as default tenant
2024-01-31T18:38:18.963666+03:00 0x00000c34 <INFO> TelemetryService: No primary user detected during a SetUserId Call, setting 00000000-0000-0000-1184-934a1875c200 as UserInfo_Id
2024-01-31T18:38:18.963666+03:00 0x00000c34 <INFO> AsyncUpdaterTask: Starting ecs fetch
2024-01-31T18:38:18.980144+03:00 0x00000c34 <INFO> Scenario: shell_ecs_cache [start,success] Scenario.Status:success, Scenario.Step:start, delta:0, elapsed:81, elapsedSinceProcessStart:441, sequence:0
2024-01-31T18:38:18.988633+03:00 0x00000c34 <INFO> Scenario: shell_ecs_cache [stop,success] InstanceId:ae1a02a5-f877-4c2e-98a9-12d59d2f9312, LatestVersion:23335.242.2641.4129, LatestVersionPath:/BuildSettings/WebView2/x64/latestVersion, Scenario.Mode:1, Scenario.Name:shell_ecs_cache, Scenario.Status:success, Scenario.Step:stop, StatusCode:, TeamsBuilds:["arm64","x64","x86"], TeamsWebView2:["app","auth","autostart","core","deviceCapability","ecs","extensibility","hfpCallManager","logging","meetNow","nativeModules","nbaFinalExperience","security","systemTray","taskbar","telemetry","thirdPartyDevices","tma","toasts","update","uxStateError","webLauncher","webNrc","webview","windowcontrols"], configExpiryTimeInSec:0, delta:9, elapsed:90, elapsedSinceProcessStart:450, expiry:Wed, 31 Jan 2024 18:44:40 GMT, previousStep:start, process:updater, requestParameters:{"ClientId":"d4dd0bc8-6927-40de-bb1b-530af98ad8de","aaduserid":"00000000-0000-0000-1184-934a1875c200","agents":"TeamsBuilds,TeamsWebview2","audience":"general","cloud":"Consumer","cpuarch":"x64","desktopVersion":"23335.242.2641.4129","environment":"life","id":"00000000-0000-0000-1184-934a1875c200","osplatform":"windows","osversion":"10.0.22621","teamslocale":"en-us","teamsring":"general","tenantId":"9188040d-6c67-4c5b-b112-36a304b66dad"}, sequence:1, stepDelta:9
2024-01-31T18:38:18.989639+03:00 0x00000c34 <INFO> EcsFetchCompletion: Ecs settings are already up to date
2024-01-31T18:38:18.990638+03:00 0x00000c34 <INFO> Scenario: shell_ecs_refresh [stop,abandoned] InstanceId:61233885-c688-4c63-a71d-1517ead26315, Scenario.Mode:1, Scenario.Name:shell_ecs_refresh, Scenario.Status:abandoned, Scenario.Step:stop, delta:91, elapsed:91, elapsedSinceProcessStart:451, previousStep:start, reason:up to date, sequence:1, stepDelta:91
2024-01-31T18:38:19.000143+03:00 0x00000c34 <INFO> AsyncUpdaterTask: Using cancellation flow version 0
2024-01-31T18:38:19.000143+03:00 0x00000c34 <INFO> AsyncUpdaterTask: Completed ecs fetch. Result is 0
2024-01-31T18:38:19.002138+03:00 0x00000c34 <INFO> GetBuildDaysTillEnd: Current build age is: 61
2024-01-31T18:38:19.007634+03:00 0x00000c34 <INFO> Scenario: shell_msix_update [start,success] Scenario.Status:success, Scenario.Step:start, delta:0, elapsed:109, elapsedSinceProcessStart:469, sequence:0
2024-01-31T18:38:19.009639+03:00 0x00000c34 <ERR>  DeploymentProviderMSIX: Already up to date
2024-01-31T18:38:19.010636+03:00 0x00000c34 <ERR>  WIL: msteamsupdate.exe!00007FF64A41C6C4: LogHr(1) tid(c34) 800704C7 The operation was canceled by the user.
2024-01-31T18:38:19.010636+03:00 0x00000c34 <ERR>  WIL: msteamsupdate.exe!00007FF64A563D36: ReturnHr(1) tid(c34) 800704C7 The operation was canceled by the user.
    Msg:[winrt::hresult_error: The operation was canceled by the user.] 
2024-01-31T18:38:19.011639+03:00 0x00000c34 <INFO> Scenario: shell_msix_update [stop,success] CurrentVersion:23335.242.2641.4129, DeviceInfo_OfficeMachineId:151589c7-9a28-144f-9ead-997975e593b5, ErrorText:, ExtendedErrorCode:0x0
, GenericErrorCode:0x800704c7
, InstanceId:69cd16e3-a9ae-4232-ba97-0de4ba695994, LatestVersion:23335.242.2641.4129, Scenario.Mode:3, Scenario.Name:shell_msix_update, Scenario.Status:success, Scenario.Step:stop, Scenario.Steps:[{"Scenario.Status":"success","Scenario.Step":"stop","delta":3,"elapsed":112,"elapsedSinceProcessStart":472,"previousStep":"start","sequence":1,"stepDelta":3}], Scenario.StepsEx:[{"CurrentVersion":"23335.242.2641.4129","DeviceInfo_OfficeMachineId":"151589c7-9a28-144f-9ead-997975e593b5","ErrorText":"","ExtendedErrorCode":"0x0\n","GenericErrorCode":"0x800704c7\n","LatestVersion":"23335.242.2641.4129","UpdateCheckReason":"BgUpdateCheck","UpdateFailureCount":0,"UpdateUrl":"https://statics.teams.cdn.office.net/production-windows-x64/23335.242.2641.4129/MicrosoftTeams-x64.msix","reason":"uptodate","update-current-version":"23335.242.2641.4129"}], UpdateCheckReason:BgUpdateCheck, UpdateFailureCount:0, UpdateUrl:https://statics.teams.cdn.office.net/production-windows-x64/23335.242.2641.4129/MicrosoftTeams-x64.msix, delta:3, elapsed:112, elapsedSinceProcessStart:472, previousStep:start, reason:uptodate, sequence:1, stepDelta:3, update-current-version:23335.242.2641.4129
2024-01-31T18:38:19.011639+03:00 0x00000c34 <INFO> Scenario: shell_install_msi_addin [start,success] Scenario.Status:success, Scenario.Step:start, delta:0, elapsed:113, elapsedSinceProcessStart:473, sequence:0
2024-01-31T18:38:19.014625+03:00 0x00000c34 <INFO> Scenario: shell_install_msi_addin [stop,abandoned] InstanceId:e2118c24-42ab-498f-b40f-5e0f02083383, Scenario.Mode:3, Scenario.Name:shell_install_msi_addin, Scenario.Status:abandoned, Scenario.Step:stop, Scenario.Steps:[{"Scenario.Status":"abandoned","Scenario.Step":"stop","delta":2,"elapsed":115,"elapsedSinceProcessStart":475,"previousStep":"start","sequence":1,"stepDelta":2}], Scenario.StepsEx:[{"UpdateCheckReason":"BackgroundUpdate","reason":"flag_off"}], UpdateCheckReason:BackgroundUpdate, delta:2, elapsed:115, elapsedSinceProcessStart:475, previousStep:start, reason:flag_off, sequence:1, stepDelta:2
2024-01-31T18:38:19.015621+03:00 0x00000c34 <INFO> AsyncUpdaterTask: Updater task completed
2024-01-31T18:38:19.015621+03:00 0x00003190 <INFO> Scenario: shell_bgtask_comserverregistration [stop,success] InstanceId:8974b74c-db6c-4a9a-8731-4107d3b2e82b, Scenario.Mode:3, Scenario.Name:shell_bgtask_comserverregistration, Scenario.Status:success, Scenario.Step:stop, Scenario.Steps:[{"Scenario.Status":"success","Scenario.Step":"stop","delta":140,"elapsed":140,"elapsedSinceProcessStart":477,"previousStep":"start","sequence":1,"stepDelta":140}], Scenario.StepsEx:[{"taskName":"TeamsAsyncUpdaterTask"}], delta:140, elapsed:140, elapsedSinceProcessStart:477, previousStep:start, sequence:1, stepDelta:140, taskName:TeamsAsyncUpdaterTask
2024-01-31T18:38:20.128301+03:00 0x00003190 <INFO> TelemetryService: Telemetry service stopped
