2024-01-30T07:22:24.154349+03:00 0x00003640 <INFO> RoomsPlatformUtils: Process invoked without rooms flag, no platform ID override provided
2024-01-30T07:22:24.154349+03:00 0x000036b4 <INFO> SingleThreadedWorker: Waiting for Work on worker thread : TelemetryServiceWorker
2024-01-30T07:22:24.248078+03:00 0x00003640 <INFO> TelemetryService: Sampling rules from previous session recovered
2024-01-30T07:22:24.310563+03:00 0x00003640 <INFO> Scenario: shell_peristent_storage_read [start,success] Scenario.Status:success, Scenario.Step:start, delta:0, elapsed:48, elapsedSinceProcessStart:423, sequence:0
2024-01-30T07:22:24.310563+03:00 0x00003640 <INFO> TelemetryService: Restored sampling rules from previous session
2024-01-30T07:22:24.310563+03:00 0x00003640 <INFO> Scenario: shell_peristent_storage_read [stop,abandoned] InstanceId:88864861-d647-4c21-96e8-bf08beda90a0, Scenario.Mode:1, Scenario.Name:shell_peristent_storage_read, Scenario.Status:abandoned, Scenario.Step:stop, delta:1, elapsed:49, elapsedSinceProcessStart:424, error:no such file or directory, fileName:configuration.json, previousStep:start, sequence:1, stepDelta:1
2024-01-30T07:22:24.310563+03:00 0x00003640 <INFO> Scenario: shell_peristent_storage_read [start,success] Scenario.Status:success, Scenario.Step:start, delta:0, elapsed:56, elapsedSinceProcessStart:431, sequence:0
2024-01-30T07:22:24.326183+03:00 0x00003640 <INFO> Scenario: shell_peristent_storage_read [stop,success] InstanceId:57d827be-41af-4c39-9e63-c80f6bfcfb10, Scenario.Mode:1, Scenario.Name:shell_peristent_storage_read, Scenario.Status:success, Scenario.Step:stop, delta:6, elapsed:62, elapsedSinceProcessStart:437, fileName:ecs_request_param.json, previousStep:start, sequence:1, stepDelta:6
2024-01-30T07:22:24.326183+03:00 0x00003640 <INFO> TelemetryService: No primary user detected during a SetUserTenantId Call, setting 9188040d-6c67-4c5b-b112-36a304b66dad as default tenant
2024-01-30T07:22:24.326183+03:00 0x00003640 <INFO> TelemetryService: No primary user detected during a SetUserId Call, setting 00000000-0000-0000-1184-934a1875c200 as UserInfo_Id
2024-01-30T07:22:24.326183+03:00 0x00003640 <INFO> Scenario: shell_ecs_refresh [start,success] Scenario.Status:success, Scenario.Step:start, delta:0, elapsed:63, elapsedSinceProcessStart:438, sequence:0
2024-01-30T07:22:24.341806+03:00 0x00003640 <INFO> Scenario: shell_ecs_cache [start,success] Scenario.Status:success, Scenario.Step:start, delta:0, elapsed:81, elapsedSinceProcessStart:456, sequence:0
2024-01-30T07:22:24.341806+03:00 0x00003640 <INFO> Scenario: shell_ecs_cache [stop,success] InstanceId:62d70838-35d2-463d-996f-866d83152368, LatestVersion:23335.242.2641.4129, LatestVersionPath:/BuildSettings/WebView2/x64/latestVersion, Scenario.Mode:1, Scenario.Name:shell_ecs_cache, Scenario.Status:success, Scenario.Step:stop, StatusCode:, TeamsBuilds:["arm64","x64","x86"], TeamsWebView2:["app","auth","autostart","core","deviceCapability","ecs","extensibility","hfpCallManager","logging","meetNow","nativeModules","nbaFinalExperience","security","systemTray","taskbar","telemetry","thirdPartyDevices","tma","toasts","update","uxStateError","webLauncher","webNrc","webview","windowcontrols"], configExpiryTimeInSec:0, delta:9, elapsed:90, elapsedSinceProcessStart:465, expiry:Mon, 29 Jan 2024 21:08:32 GMT, previousStep:start, process:updater, requestParameters:{"ClientId":"d4dd0bc8-6927-40de-bb1b-530af98ad8de","aaduserid":"00000000-0000-0000-1184-934a1875c200","agents":"TeamsBuilds,TeamsWebview2","audience":"general","cloud":"Consumer","cpuarch":"x64","desktopVersion":"23335.242.2641.4129","environment":"life","id":"00000000-0000-0000-1184-934a1875c200","osplatform":"windows","osversion":"10.0.22621","teamslocale":"en-us","teamsring":"general","tenantId":"9188040d-6c67-4c5b-b112-36a304b66dad"}, sequence:1, stepDelta:9
2024-01-30T07:22:24.341806+03:00 0x00003640 <INFO> EcsFetchCompletion: Ecs settings less than 60s to expiring. Keeping bg task alive until then
2024-01-30T07:22:25.810210+03:00 0x000036ec <INFO> Scenario: shell_ecs_refresh [start,success] Scenario.Status:success, Scenario.Step:start, delta:0, elapsed:1557, elapsedSinceProcessStart:1932, sequence:0
2024-01-30T07:22:25.825832+03:00 0x000036ec <INFO> Scenario: shell_ecs_refresh [stop,success] InstanceId:d7f26560-f122-46fd-bd4b-32babe1c64a9, LatestVersion:23335.242.2641.4129, LatestVersionPath:/BuildSettings/WebView2/x64/latestVersion, Scenario.Mode:1, Scenario.Name:shell_ecs_refresh, Scenario.Status:success, Scenario.Step:stop, StatusCode:, TeamsBuilds:["arm64","x64","x86"], TeamsWebView2:["app","auth","autostart","core","deviceCapability","ecs","extensibility","hfpCallManager","logging","meetNow","nativeModules","nbaFinalExperience","security","systemTray","taskbar","telemetry","thirdPartyDevices","tma","toasts","update","uxStateError","webLauncher","webNrc","webview","windowcontrols"], configExpiryTimeInSec:1, delta:14, elapsed:1571, elapsedSinceProcessStart:1946, expiry:Tue, 30 Jan 2024 09:22:26 GMT, previousStep:start, process:updater, requestParameters:{"ClientId":"d4dd0bc8-6927-40de-bb1b-530af98ad8de","aaduserid":"00000000-0000-0000-1184-934a1875c200","agents":"TeamsBuilds,TeamsWebview2","audience":"general","cloud":"Consumer","cpuarch":"x64","desktopVersion":"23335.242.2641.4129","environment":"life","id":"00000000-0000-0000-1184-934a1875c200","osplatform":"windows","osversion":"10.0.22621","teamslocale":"en-us","teamsring":"general","tenantId":"9188040d-6c67-4c5b-b112-36a304b66dad"}, sequence:1, stepDelta:14
2024-01-30T07:22:25.825832+03:00 0x000036ec <INFO> EcsFetchCompletion: Successfully updated ecs settings from server
2024-01-30T07:22:25.825832+03:00 0x00003640 <INFO> UpdaterMain: Wait for ECS check result:0
2024-01-30T07:22:25.825832+03:00 0x00003640 <INFO> Scenario: shell_updater_register_bgtask [start,success] Scenario.Status:success, Scenario.Step:start, delta:0, elapsed:1574, elapsedSinceProcessStart:1949, sequence:0
2024-01-30T07:22:25.825832+03:00 0x00003640 <INFO> BackgroundTaskBase: Registered TeamsAsyncUpdaterTask background task successfully
2024-01-30T07:22:25.825832+03:00 0x00003640 <INFO> Scenario: shell_updater_register_bgtask [stop,success] InstanceId:813f352f-2496-4fda-adda-2520c5c05d60, Scenario.Mode:3, Scenario.Name:shell_updater_register_bgtask, Scenario.Status:success, Scenario.Step:stop, Scenario.Steps:[{"Scenario.Status":"success","Scenario.Step":"stop","delta":0,"elapsed":1574,"elapsedSinceProcessStart":1949,"previousStep":"start","sequence":1,"stepDelta":0}], Scenario.StepsEx:[{"taskName":"TeamsAsyncUpdaterTask"}], delta:0, elapsed:1574, elapsedSinceProcessStart:1949, previousStep:start, sequence:1, stepDelta:0, taskName:TeamsAsyncUpdaterTask
2024-01-30T07:22:25.825832+03:00 0x00003640 <INFO> Scenario: shell_updater_register_bgtask [start,success] Scenario.Status:success, Scenario.Step:start, delta:0, elapsed:1575, elapsedSinceProcessStart:1950, sequence:0
2024-01-30T07:22:25.825832+03:00 0x00003640 <INFO> BackgroundTaskBase: Registered TeamsEcsTask background task successfully
2024-01-30T07:22:25.841453+03:00 0x00003640 <INFO> Scenario: shell_updater_register_bgtask [stop,success] InstanceId:70771f1c-dbe4-4d91-83a1-913770c20e06, Scenario.Mode:3, Scenario.Name:shell_updater_register_bgtask, Scenario.Status:success, Scenario.Step:stop, Scenario.Steps:[{"Scenario.Status":"success","Scenario.Step":"stop","delta":0,"elapsed":1575,"elapsedSinceProcessStart":1950,"previousStep":"start","sequence":1,"stepDelta":0}], Scenario.StepsEx:[{"taskName":"TeamsEcsTask"}], delta:0, elapsed:1575, elapsedSinceProcessStart:1950, previousStep:start, sequence:1, stepDelta:0, taskName:TeamsEcsTask
2024-01-30T07:22:25.841453+03:00 0x00003640 <INFO> Scenario: shell_msix_update [start,success] Scenario.Status:success, Scenario.Step:start, delta:0, elapsed:1582, elapsedSinceProcessStart:1957, sequence:0
2024-01-30T07:22:25.841453+03:00 0x00003640 <ERR>  DeploymentProviderMSIX: Already up to date
2024-01-30T07:22:25.841453+03:00 0x00003640 <ERR>  WIL: msteamsupdate.exe!00007FF704D1C6C4: LogHr(1) tid(3640) 800704C7 The operation was canceled by the user.
2024-01-30T07:22:25.841453+03:00 0x00003640 <ERR>  WIL: msteamsupdate.exe!00007FF704E63D36: ReturnHr(1) tid(3640) 800704C7 The operation was canceled by the user.
    Msg:[winrt::hresult_error: The operation was canceled by the user.] 
2024-01-30T07:22:25.841453+03:00 0x00003640 <INFO> Scenario: shell_msix_update [stop,success] CurrentVersion:23335.242.2641.4129, DeviceInfo_OfficeMachineId:151589c7-9a28-144f-9ead-997975e593b5, ErrorText:, ExtendedErrorCode:0x0
, GenericErrorCode:0x800704c7
, InstanceId:9bc9ab23-5879-4c2c-9b85-27d5ec8c2241, LatestVersion:23335.242.2641.4129, Scenario.Mode:3, Scenario.Name:shell_msix_update, Scenario.Status:success, Scenario.Step:stop, Scenario.Steps:[{"Scenario.Status":"success","Scenario.Step":"stop","delta":7,"elapsed":1589,"elapsedSinceProcessStart":1964,"previousStep":"start","sequence":1,"stepDelta":7}], Scenario.StepsEx:[{"CurrentVersion":"23335.242.2641.4129","DeviceInfo_OfficeMachineId":"151589c7-9a28-144f-9ead-997975e593b5","ErrorText":"","ExtendedErrorCode":"0x0\n","GenericErrorCode":"0x800704c7\n","LatestVersion":"23335.242.2641.4129","UpdateCheckReason":"MainAppUpdateCheck","UpdateFailureCount":0,"UpdateUrl":"https://statics.teams.cdn.office.net/production-windows-x64/23335.242.2641.4129/MicrosoftTeams-x64.msix","reason":"uptodate","update-current-version":"23335.242.2641.4129"}], UpdateCheckReason:MainAppUpdateCheck, UpdateFailureCount:0, UpdateUrl:https://statics.teams.cdn.office.net/production-windows-x64/23335.242.2641.4129/MicrosoftTeams-x64.msix, delta:7, elapsed:1589, elapsedSinceProcessStart:1964, previousStep:start, reason:uptodate, sequence:1, stepDelta:7, update-current-version:23335.242.2641.4129
2024-01-30T07:22:25.857074+03:00 0x00003640 <INFO> UpdateStateStoreWinRTAppData: previous app session:ef0c690a-3d58-43af-bd36-9855bda78af2 current app session:d2210fc0-b734-49c2-8b0f-1c40adddd9fc target version:23335.242.2641.4129
2024-01-30T07:22:25.857074+03:00 0x00003640 <INFO> UpdateStateStoreWinRTAppData: Current total update failure count:0
2024-01-30T07:22:25.857074+03:00 0x00003640 <INFO> UpdateStateStoreWinRTAppData: Erasing update attempt
2024-01-30T07:22:25.857074+03:00 0x00003640 <INFO> UpdateStateStoreWinRTAppData: Storing update attempt for app session:d2210fc0-b734-49c2-8b0f-1c40adddd9fc,target version:23335.242.2641.4129
2024-01-30T07:22:25.857074+03:00 0x00003640 <INFO> Scenario: shell_install_msi_addin [start,success] Scenario.Status:success, Scenario.Step:start, delta:0, elapsed:1594, elapsedSinceProcessStart:1969, sequence:0
2024-01-30T07:22:25.857074+03:00 0x00003640 <INFO> Scenario: shell_install_msi_addin [stop,abandoned] InstanceId:7e1ea79b-6a1a-40e3-b830-6f4edb0a7626, Scenario.Mode:3, Scenario.Name:shell_install_msi_addin, Scenario.Status:abandoned, Scenario.Step:stop, Scenario.Steps:[{"Scenario.Status":"abandoned","Scenario.Step":"stop","delta":6,"elapsed":1600,"elapsedSinceProcessStart":1975,"previousStep":"start","sequence":1,"stepDelta":6}], Scenario.StepsEx:[{"UpdateCheckReason":"MainAppUpdateCheck","reason":"flag_off"}], UpdateCheckReason:MainAppUpdateCheck, delta:6, elapsed:1600, elapsedSinceProcessStart:1975, previousStep:start, reason:flag_off, sequence:1, stepDelta:6
2024-01-30T07:22:25.857074+03:00 0x00003640 <INFO> Scenario: shell_install_gamebarwidget [start,success] Scenario.Status:success, Scenario.Step:start, delta:0, elapsed:1600, elapsedSinceProcessStart:1975, sequence:0
2024-01-30T07:22:25.857074+03:00 0x00003640 <INFO> Scenario: shell_install_gamebarwidget [stop,abandoned] InstanceId:b62feed6-c533-49e1-9f0b-c58b09e61f3b, Scenario.Mode:3, Scenario.Name:shell_install_gamebarwidget, Scenario.Status:abandoned, Scenario.Step:stop, Scenario.Steps:[{"Scenario.Status":"abandoned","Scenario.Step":"stop","delta":2,"elapsed":1602,"elapsedSinceProcessStart":1977,"previousStep":"start","sequence":1,"stepDelta":2}], Scenario.StepsEx:[{"reason":"flag_off"}], delta:2, elapsed:1602, elapsedSinceProcessStart:1977, previousStep:start, reason:flag_off, sequence:1, stepDelta:2
2024-01-30T07:22:27.262995+03:00 0x00003640 <INFO> TelemetryService: Telemetry service stopped
