2024-01-25T05:09:22.066694+03:00 0x00000b90 <INFO> RoomsPlatformUtils: Process invoked without rooms flag, no platform ID override provided
2024-01-25T05:09:22.066694+03:00 0x00000d70 <INFO> SingleThreadedWorker: Waiting for Work on worker thread : TelemetryServiceWorker
2024-01-25T05:09:22.176045+03:00 0x00000b90 <INFO> TelemetryService: Sampling rules from previous session recovered
2024-01-25T05:09:22.613443+03:00 0x00000b90 <INFO> Scenario: shell_peristent_storage_read [start,success] Scenario.Status:success, Scenario.Step:start, delta:0, elapsed:437, elapsedSinceProcessStart:883, sequence:0
2024-01-25T05:09:22.613443+03:00 0x00000b90 <INFO> TelemetryService: Restored sampling rules from previous session
2024-01-25T05:09:22.613443+03:00 0x00000b90 <INFO> Scenario: shell_peristent_storage_read [stop,abandoned] InstanceId:3df49e16-969c-4f9f-9a6e-309c0df99466, Scenario.Mode:1, Scenario.Name:shell_peristent_storage_read, Scenario.Status:abandoned, Scenario.Step:stop, delta:0, elapsed:437, elapsedSinceProcessStart:883, error:no such file or directory, fileName:configuration.json, previousStep:start, sequence:1, stepDelta:0
2024-01-25T05:09:22.629064+03:00 0x00000b90 <INFO> Scenario: shell_peristent_storage_read [start,success] Scenario.Status:success, Scenario.Step:start, delta:0, elapsed:445, elapsedSinceProcessStart:891, sequence:0
2024-01-25T05:09:22.629064+03:00 0x00000b90 <INFO> Scenario: shell_peristent_storage_read [stop,success] InstanceId:6172ffbb-cd5f-43d8-9684-7c122a705971, Scenario.Mode:1, Scenario.Name:shell_peristent_storage_read, Scenario.Status:success, Scenario.Step:stop, delta:8, elapsed:453, elapsedSinceProcessStart:899, fileName:ecs_request_param.json, previousStep:start, sequence:1, stepDelta:8
2024-01-25T05:09:22.629064+03:00 0x00000b90 <INFO> TelemetryService: No primary user detected during a SetUserTenantId Call, setting 9188040d-6c67-4c5b-b112-36a304b66dad as default tenant
2024-01-25T05:09:22.629064+03:00 0x00000b90 <INFO> TelemetryService: No primary user detected during a SetUserId Call, setting 00000000-0000-0000-1184-934a1875c200 as UserInfo_Id
2024-01-25T05:09:22.629064+03:00 0x00000b90 <INFO> Scenario: shell_ecs_refresh [start,success] Scenario.Status:success, Scenario.Step:start, delta:0, elapsed:454, elapsedSinceProcessStart:900, sequence:0
2024-01-25T05:09:22.660307+03:00 0x00000b90 <INFO> Scenario: shell_ecs_cache [start,success] Scenario.Status:success, Scenario.Step:start, delta:0, elapsed:476, elapsedSinceProcessStart:922, sequence:0
2024-01-25T05:09:22.675927+03:00 0x00000b90 <INFO> Scenario: shell_ecs_cache [stop,success] InstanceId:9615ed40-0013-4c2c-a63d-bdde8749a892, LatestVersion:23335.242.2641.4129, LatestVersionPath:/BuildSettings/WebView2/x64/latestVersion, Scenario.Mode:1, Scenario.Name:shell_ecs_cache, Scenario.Status:success, Scenario.Step:stop, StatusCode:, TeamsBuilds:["arm64","x64","x86"], TeamsWebView2:["app","auth","autostart","core","deviceCapability","ecs","extensibility","hfpCallManager","logging","meetNow","nativeModules","nbaFinalExperience","security","systemTray","taskbar","telemetry","thirdPartyDevices","tma","toasts","update","uxStateError","webLauncher","webNrc","webview","windowcontrols"], configExpiryTimeInSec:0, delta:19, elapsed:495, elapsedSinceProcessStart:941, expiry:Thu, 25 Jan 2024 07:09:22 GMT, previousStep:start, process:updater, requestParameters:{"ClientId":"d4dd0bc8-6927-40de-bb1b-530af98ad8de","aaduserid":"00000000-0000-0000-1184-934a1875c200","agents":"TeamsBuilds,TeamsWebview2","audience":"general","cloud":"Consumer","cpuarch":"x64","desktopVersion":"23335.242.2641.4129","environment":"life","id":"00000000-0000-0000-1184-934a1875c200","osplatform":"windows","osversion":"10.0.22621","teamslocale":"en-us","teamsring":"general","tenantId":"9188040d-6c67-4c5b-b112-36a304b66dad"}, sequence:1, stepDelta:19
2024-01-25T05:09:22.675927+03:00 0x00000b90 <INFO> EcsFetchCompletion: Ecs settings are already up to date
2024-01-25T05:09:22.675927+03:00 0x00000b90 <INFO> Scenario: shell_ecs_refresh [stop,abandoned] InstanceId:0837b287-37ca-4b36-a047-bcecf45978b5, Scenario.Mode:1, Scenario.Name:shell_ecs_refresh, Scenario.Status:abandoned, Scenario.Step:stop, delta:43, elapsed:497, elapsedSinceProcessStart:943, previousStep:start, reason:up to date, sequence:1, stepDelta:43
2024-01-25T05:09:22.691549+03:00 0x00000b90 <INFO> UpdaterMain: Wait for ECS check result:0
2024-01-25T05:09:22.691549+03:00 0x00000b90 <INFO> Scenario: shell_updater_register_bgtask [start,success] Scenario.Status:success, Scenario.Step:start, delta:0, elapsed:507, elapsedSinceProcessStart:953, sequence:0
2024-01-25T05:09:22.691549+03:00 0x00000b90 <INFO> BackgroundTaskBase: Registered TeamsAsyncUpdaterTask background task successfully
2024-01-25T05:09:22.691549+03:00 0x00000b90 <INFO> Scenario: shell_updater_register_bgtask [stop,success] InstanceId:f4088211-3976-40c2-bc9a-a8b5847ee2c8, Scenario.Mode:3, Scenario.Name:shell_updater_register_bgtask, Scenario.Status:success, Scenario.Step:stop, Scenario.Steps:[{"Scenario.Status":"success","Scenario.Step":"stop","delta":0,"elapsed":507,"elapsedSinceProcessStart":953,"previousStep":"start","sequence":1,"stepDelta":0}], Scenario.StepsEx:[{"taskName":"TeamsAsyncUpdaterTask"}], delta:0, elapsed:507, elapsedSinceProcessStart:953, previousStep:start, sequence:1, stepDelta:0, taskName:TeamsAsyncUpdaterTask
2024-01-25T05:09:22.691549+03:00 0x00000b90 <INFO> Scenario: shell_updater_register_bgtask [start,success] Scenario.Status:success, Scenario.Step:start, delta:0, elapsed:507, elapsedSinceProcessStart:953, sequence:0
2024-01-25T05:09:22.691549+03:00 0x00000b90 <INFO> BackgroundTaskBase: Registered TeamsEcsTask background task successfully
2024-01-25T05:09:22.691549+03:00 0x00000b90 <INFO> Scenario: shell_updater_register_bgtask [stop,success] InstanceId:27bb49aa-5157-4c9f-9754-f285b056ef06, Scenario.Mode:3, Scenario.Name:shell_updater_register_bgtask, Scenario.Status:success, Scenario.Step:stop, Scenario.Steps:[{"Scenario.Status":"success","Scenario.Step":"stop","delta":0,"elapsed":507,"elapsedSinceProcessStart":953,"previousStep":"start","sequence":1,"stepDelta":0}], Scenario.StepsEx:[{"taskName":"TeamsEcsTask"}], delta:0, elapsed:507, elapsedSinceProcessStart:953, previousStep:start, sequence:1, stepDelta:0, taskName:TeamsEcsTask
2024-01-25T05:09:22.691549+03:00 0x00000b90 <INFO> Scenario: shell_msix_update [start,success] Scenario.Status:success, Scenario.Step:start, delta:0, elapsed:512, elapsedSinceProcessStart:958, sequence:0
2024-01-25T05:09:22.691549+03:00 0x00000b90 <ERR>  DeploymentProviderMSIX: Already up to date
2024-01-25T05:09:22.691549+03:00 0x00000b90 <ERR>  WIL: msteamsupdate.exe!00007FF63560C6C4: LogHr(1) tid(b90) 800704C7 The operation was canceled by the user.
2024-01-25T05:09:22.707170+03:00 0x00000b90 <ERR>  WIL: msteamsupdate.exe!00007FF635753D36: ReturnHr(1) tid(b90) 800704C7 The operation was canceled by the user.
    Msg:[winrt::hresult_error: The operation was canceled by the user.] 
2024-01-25T05:09:22.707170+03:00 0x00000b90 <INFO> Scenario: shell_msix_update [stop,success] CurrentVersion:23335.242.2641.4129, DeviceInfo_OfficeMachineId:151589c7-9a28-144f-9ead-997975e593b5, ErrorText:, ExtendedErrorCode:0x0
, GenericErrorCode:0x800704c7
, InstanceId:d93931aa-2710-4f38-821c-b01036209fa9, LatestVersion:23335.242.2641.4129, Scenario.Mode:3, Scenario.Name:shell_msix_update, Scenario.Status:success, Scenario.Step:stop, Scenario.Steps:[{"Scenario.Status":"success","Scenario.Step":"stop","delta":5,"elapsed":517,"elapsedSinceProcessStart":963,"previousStep":"start","sequence":1,"stepDelta":5}], Scenario.StepsEx:[{"CurrentVersion":"23335.242.2641.4129","DeviceInfo_OfficeMachineId":"151589c7-9a28-144f-9ead-997975e593b5","ErrorText":"","ExtendedErrorCode":"0x0\n","GenericErrorCode":"0x800704c7\n","LatestVersion":"23335.242.2641.4129","UpdateCheckReason":"MainAppUpdateCheck","UpdateFailureCount":0,"UpdateUrl":"https://statics.teams.cdn.office.net/production-windows-x64/23335.242.2641.4129/MicrosoftTeams-x64.msix","reason":"uptodate","update-current-version":"23335.242.2641.4129"}], UpdateCheckReason:MainAppUpdateCheck, UpdateFailureCount:0, UpdateUrl:https://statics.teams.cdn.office.net/production-windows-x64/23335.242.2641.4129/MicrosoftTeams-x64.msix, delta:5, elapsed:517, elapsedSinceProcessStart:963, previousStep:start, reason:uptodate, sequence:1, stepDelta:5, update-current-version:23335.242.2641.4129
2024-01-25T05:09:22.707170+03:00 0x00000b90 <INFO> UpdateStateStoreWinRTAppData: previous app session:6f4da885-900b-471a-8656-b3b6738645ae current app session:c9e8ed84-295f-46ca-aa6d-1a41ddba3d0e target version:23335.242.2641.4129
2024-01-25T05:09:22.707170+03:00 0x00000b90 <INFO> UpdateStateStoreWinRTAppData: Current total update failure count:0
2024-01-25T05:09:22.707170+03:00 0x00000b90 <INFO> UpdateStateStoreWinRTAppData: Erasing update attempt
2024-01-25T05:09:22.707170+03:00 0x00000b90 <INFO> UpdateStateStoreWinRTAppData: Storing update attempt for app session:c9e8ed84-295f-46ca-aa6d-1a41ddba3d0e,target version:23335.242.2641.4129
2024-01-25T05:09:22.707170+03:00 0x00000b90 <INFO> Scenario: shell_install_msi_addin [start,success] Scenario.Status:success, Scenario.Step:start, delta:0, elapsed:521, elapsedSinceProcessStart:967, sequence:0
2024-01-25T05:09:22.707170+03:00 0x00000b90 <INFO> Scenario: shell_install_msi_addin [stop,abandoned] InstanceId:f23ed01d-adcd-4318-9266-c5f30ba9eca6, Scenario.Mode:3, Scenario.Name:shell_install_msi_addin, Scenario.Status:abandoned, Scenario.Step:stop, Scenario.Steps:[{"Scenario.Status":"abandoned","Scenario.Step":"stop","delta":6,"elapsed":527,"elapsedSinceProcessStart":973,"previousStep":"start","sequence":1,"stepDelta":6}], Scenario.StepsEx:[{"UpdateCheckReason":"MainAppUpdateCheck","reason":"flag_off"}], UpdateCheckReason:MainAppUpdateCheck, delta:6, elapsed:527, elapsedSinceProcessStart:973, previousStep:start, reason:flag_off, sequence:1, stepDelta:6
2024-01-25T05:09:22.707170+03:00 0x00000b90 <INFO> Scenario: shell_install_gamebarwidget [start,success] Scenario.Status:success, Scenario.Step:start, delta:0, elapsed:528, elapsedSinceProcessStart:974, sequence:0
2024-01-25T05:09:22.707170+03:00 0x00000b90 <INFO> Scenario: shell_install_gamebarwidget [stop,abandoned] InstanceId:02e3cade-0270-44d3-b302-d4e7e94dbf05, Scenario.Mode:3, Scenario.Name:shell_install_gamebarwidget, Scenario.Status:abandoned, Scenario.Step:stop, Scenario.Steps:[{"Scenario.Status":"abandoned","Scenario.Step":"stop","delta":1,"elapsed":529,"elapsedSinceProcessStart":975,"previousStep":"start","sequence":1,"stepDelta":1}], Scenario.StepsEx:[{"reason":"flag_off"}], delta:1, elapsed:529, elapsedSinceProcessStart:975, previousStep:start, reason:flag_off, sequence:1, stepDelta:1
2024-01-25T05:09:23.962218+03:00 0x00000b90 <INFO> TelemetryService: Telemetry service stopped
