2024-02-01T06:51:36.425809+03:00 0x00000cd8 <INFO> RoomsPlatformUtils: Process invoked without rooms flag, no platform ID override provided
2024-02-01T06:51:36.425809+03:00 0x00001ebc <INFO> SingleThreadedWorker: Waiting for Work on worker thread : TelemetryServiceWorker
2024-02-01T06:51:36.488295+03:00 0x00000cd8 <INFO> TelemetryService: Sampling rules from previous session recovered
2024-02-01T06:51:36.566401+03:00 0x00000cd8 <INFO> Scenario: shell_peristent_storage_read [start,success] Scenario.Status:success, Scenario.Step:start, delta:0, elapsed:76, elapsedSinceProcessStart:454, sequence:0
2024-02-01T06:51:36.566401+03:00 0x00000cd8 <INFO> TelemetryService: Restored sampling rules from previous session
2024-02-01T06:51:36.566401+03:00 0x00000cd8 <INFO> Scenario: shell_peristent_storage_read [stop,abandoned] InstanceId:ad8426f6-7986-430e-9d11-d15f5d30534e, Scenario.Mode:1, Scenario.Name:shell_peristent_storage_read, Scenario.Status:abandoned, Scenario.Step:stop, delta:0, elapsed:76, elapsedSinceProcessStart:454, error:no such file or directory, fileName:configuration.json, previousStep:start, sequence:1, stepDelta:0
2024-02-01T06:51:36.582022+03:00 0x00000cd8 <INFO> Scenario: shell_peristent_storage_read [start,success] Scenario.Status:success, Scenario.Step:start, delta:0, elapsed:99, elapsedSinceProcessStart:477, sequence:0
2024-02-01T06:51:36.597644+03:00 0x00000cd8 <INFO> Scenario: shell_peristent_storage_read [stop,success] InstanceId:88a47a71-b3f1-4858-af90-b813d176cae9, Scenario.Mode:1, Scenario.Name:shell_peristent_storage_read, Scenario.Status:success, Scenario.Step:stop, delta:6, elapsed:105, elapsedSinceProcessStart:483, fileName:ecs_request_param.json, previousStep:start, sequence:1, stepDelta:6
2024-02-01T06:51:36.597644+03:00 0x00000cd8 <INFO> TelemetryService: No primary user detected during a SetUserTenantId Call, setting 9188040d-6c67-4c5b-b112-36a304b66dad as default tenant
2024-02-01T06:51:36.597644+03:00 0x00000cd8 <INFO> TelemetryService: No primary user detected during a SetUserId Call, setting 00000000-0000-0000-1184-934a1875c200 as UserInfo_Id
2024-02-01T06:51:36.597644+03:00 0x00000cd8 <INFO> Scenario: shell_ecs_refresh [start,success] Scenario.Status:success, Scenario.Step:start, delta:0, elapsed:106, elapsedSinceProcessStart:484, sequence:0
2024-02-01T06:51:36.613266+03:00 0x00000cd8 <INFO> Scenario: shell_ecs_cache [start,success] Scenario.Status:success, Scenario.Step:start, delta:0, elapsed:127, elapsedSinceProcessStart:505, sequence:0
2024-02-01T06:51:36.628887+03:00 0x00000cd8 <INFO> Scenario: shell_ecs_cache [stop,success] InstanceId:88b202ab-c15b-4673-8056-252cc1a2d11d, LatestVersion:23335.242.2641.4129, LatestVersionPath:/BuildSettings/WebView2/x64/latestVersion, Scenario.Mode:1, Scenario.Name:shell_ecs_cache, Scenario.Status:success, Scenario.Step:stop, StatusCode:, TeamsBuilds:["arm64","x64","x86"], TeamsWebView2:["app","auth","autostart","core","deviceCapability","ecs","extensibility","hfpCallManager","logging","meetNow","nativeModules","nbaFinalExperience","security","systemTray","taskbar","telemetry","thirdPartyDevices","tma","toasts","update","uxStateError","webLauncher","webNrc","webview","windowcontrols"], configExpiryTimeInSec:0, delta:14, elapsed:141, elapsedSinceProcessStart:519, expiry:Thu, 01 Feb 2024 08:51:35 GMT, previousStep:start, process:updater, requestParameters:{"ClientId":"d4dd0bc8-6927-40de-bb1b-530af98ad8de","aaduserid":"00000000-0000-0000-1184-934a1875c200","agents":"TeamsBuilds,TeamsWebview2","audience":"general","cloud":"Consumer","cpuarch":"x64","desktopVersion":"23335.242.2641.4129","environment":"life","id":"00000000-0000-0000-1184-934a1875c200","osplatform":"windows","osversion":"10.0.22621","teamslocale":"en-us","teamsring":"general","tenantId":"9188040d-6c67-4c5b-b112-36a304b66dad"}, sequence:1, stepDelta:14
2024-02-01T06:51:36.628887+03:00 0x00000cd8 <INFO> EcsFetchCompletion: Ecs settings are already up to date
2024-02-01T06:51:36.628887+03:00 0x00000cd8 <INFO> Scenario: shell_ecs_refresh [stop,abandoned] InstanceId:abc1ae36-5c64-4a8b-a445-853a18bf7950, Scenario.Mode:1, Scenario.Name:shell_ecs_refresh, Scenario.Status:abandoned, Scenario.Step:stop, delta:36, elapsed:142, elapsedSinceProcessStart:520, previousStep:start, reason:up to date, sequence:1, stepDelta:36
2024-02-01T06:51:36.644508+03:00 0x00000cd8 <INFO> UpdaterMain: Wait for ECS check result:0
2024-02-01T06:51:36.644508+03:00 0x00000cd8 <INFO> Scenario: shell_updater_register_bgtask [start,success] Scenario.Status:success, Scenario.Step:start, delta:0, elapsed:153, elapsedSinceProcessStart:531, sequence:0
2024-02-01T06:51:36.644508+03:00 0x00000cd8 <INFO> BackgroundTaskBase: Registered TeamsAsyncUpdaterTask background task successfully
2024-02-01T06:51:36.644508+03:00 0x00000cd8 <INFO> Scenario: shell_updater_register_bgtask [stop,success] InstanceId:c6fb54ed-1b1a-42c0-8ec2-978ea5ad899e, Scenario.Mode:3, Scenario.Name:shell_updater_register_bgtask, Scenario.Status:success, Scenario.Step:stop, Scenario.Steps:[{"Scenario.Status":"success","Scenario.Step":"stop","delta":0,"elapsed":153,"elapsedSinceProcessStart":531,"previousStep":"start","sequence":1,"stepDelta":0}], Scenario.StepsEx:[{"taskName":"TeamsAsyncUpdaterTask"}], delta:0, elapsed:153, elapsedSinceProcessStart:531, previousStep:start, sequence:1, stepDelta:0, taskName:TeamsAsyncUpdaterTask
2024-02-01T06:51:36.644508+03:00 0x00000cd8 <INFO> Scenario: shell_updater_register_bgtask [start,success] Scenario.Status:success, Scenario.Step:start, delta:0, elapsed:153, elapsedSinceProcessStart:531, sequence:0
2024-02-01T06:51:36.644508+03:00 0x00000cd8 <INFO> BackgroundTaskBase: Registered TeamsEcsTask background task successfully
2024-02-01T06:51:36.644508+03:00 0x00000cd8 <INFO> Scenario: shell_updater_register_bgtask [stop,success] InstanceId:a636fd47-48b5-415d-8777-80cf9454187f, Scenario.Mode:3, Scenario.Name:shell_updater_register_bgtask, Scenario.Status:success, Scenario.Step:stop, Scenario.Steps:[{"Scenario.Status":"success","Scenario.Step":"stop","delta":0,"elapsed":153,"elapsedSinceProcessStart":531,"previousStep":"start","sequence":1,"stepDelta":0}], Scenario.StepsEx:[{"taskName":"TeamsEcsTask"}], delta:0, elapsed:153, elapsedSinceProcessStart:531, previousStep:start, sequence:1, stepDelta:0, taskName:TeamsEcsTask
2024-02-01T06:51:36.644508+03:00 0x00000cd8 <INFO> Scenario: shell_msix_update [start,success] Scenario.Status:success, Scenario.Step:start, delta:0, elapsed:160, elapsedSinceProcessStart:538, sequence:0
2024-02-01T06:51:36.660131+03:00 0x00000cd8 <ERR>  DeploymentProviderMSIX: Already up to date
2024-02-01T06:51:36.660131+03:00 0x00000cd8 <ERR>  WIL: msteamsupdate.exe!00007FF7DD9CC6C4: LogHr(1) tid(cd8) 800704C7 The operation was canceled by the user.
2024-02-01T06:51:36.660131+03:00 0x00000cd8 <ERR>  WIL: msteamsupdate.exe!00007FF7DDB13D36: ReturnHr(1) tid(cd8) 800704C7 The operation was canceled by the user.
    Msg:[winrt::hresult_error: The operation was canceled by the user.] 
2024-02-01T06:51:36.660131+03:00 0x00000cd8 <INFO> Scenario: shell_msix_update [stop,success] CurrentVersion:23335.242.2641.4129, DeviceInfo_OfficeMachineId:151589c7-9a28-144f-9ead-997975e593b5, ErrorText:, ExtendedErrorCode:0x0
, GenericErrorCode:0x800704c7
, InstanceId:ebf9740a-c1f5-4268-a07a-b4cf59b32242, LatestVersion:23335.242.2641.4129, Scenario.Mode:3, Scenario.Name:shell_msix_update, Scenario.Status:success, Scenario.Step:stop, Scenario.Steps:[{"Scenario.Status":"success","Scenario.Step":"stop","delta":6,"elapsed":166,"elapsedSinceProcessStart":544,"previousStep":"start","sequence":1,"stepDelta":6}], Scenario.StepsEx:[{"CurrentVersion":"23335.242.2641.4129","DeviceInfo_OfficeMachineId":"151589c7-9a28-144f-9ead-997975e593b5","ErrorText":"","ExtendedErrorCode":"0x0\n","GenericErrorCode":"0x800704c7\n","LatestVersion":"23335.242.2641.4129","UpdateCheckReason":"MainAppUpdateCheck","UpdateFailureCount":0,"UpdateUrl":"https://statics.teams.cdn.office.net/production-windows-x64/23335.242.2641.4129/MicrosoftTeams-x64.msix","reason":"uptodate","update-current-version":"23335.242.2641.4129"}], UpdateCheckReason:MainAppUpdateCheck, UpdateFailureCount:0, UpdateUrl:https://statics.teams.cdn.office.net/production-windows-x64/23335.242.2641.4129/MicrosoftTeams-x64.msix, delta:6, elapsed:166, elapsedSinceProcessStart:544, previousStep:start, reason:uptodate, sequence:1, stepDelta:6, update-current-version:23335.242.2641.4129
2024-02-01T06:51:36.660131+03:00 0x00000cd8 <INFO> UpdateStateStoreWinRTAppData: previous app session:f4ab2ac3-0374-411c-b2f1-d235eaee7aab current app session:0aabf1b0-fae3-4fe2-89ce-d9840a34ad61 target version:23335.242.2641.4129
2024-02-01T06:51:36.660131+03:00 0x00000cd8 <INFO> UpdateStateStoreWinRTAppData: Current total update failure count:0
2024-02-01T06:51:36.660131+03:00 0x00000cd8 <INFO> UpdateStateStoreWinRTAppData: Erasing update attempt
2024-02-01T06:51:36.660131+03:00 0x00000cd8 <INFO> UpdateStateStoreWinRTAppData: Storing update attempt for app session:0aabf1b0-fae3-4fe2-89ce-d9840a34ad61,target version:23335.242.2641.4129
2024-02-01T06:51:36.660131+03:00 0x00000cd8 <INFO> Scenario: shell_install_msi_addin [start,success] Scenario.Status:success, Scenario.Step:start, delta:0, elapsed:169, elapsedSinceProcessStart:547, sequence:0
2024-02-01T06:51:36.660131+03:00 0x00000cd8 <INFO> Scenario: shell_install_msi_addin [stop,abandoned] InstanceId:0369bb58-4d28-4c61-a1a8-2d248e299dca, Scenario.Mode:3, Scenario.Name:shell_install_msi_addin, Scenario.Status:abandoned, Scenario.Step:stop, Scenario.Steps:[{"Scenario.Status":"abandoned","Scenario.Step":"stop","delta":4,"elapsed":173,"elapsedSinceProcessStart":551,"previousStep":"start","sequence":1,"stepDelta":4}], Scenario.StepsEx:[{"UpdateCheckReason":"MainAppUpdateCheck","reason":"flag_off"}], UpdateCheckReason:MainAppUpdateCheck, delta:4, elapsed:173, elapsedSinceProcessStart:551, previousStep:start, reason:flag_off, sequence:1, stepDelta:4
2024-02-01T06:51:36.660131+03:00 0x00000cd8 <INFO> Scenario: shell_install_gamebarwidget [start,success] Scenario.Status:success, Scenario.Step:start, delta:0, elapsed:173, elapsedSinceProcessStart:551, sequence:0
2024-02-01T06:51:36.660131+03:00 0x00000cd8 <INFO> Scenario: shell_install_gamebarwidget [stop,abandoned] InstanceId:7a94fb8a-068d-4a1a-a10d-3cd120a11235, Scenario.Mode:3, Scenario.Name:shell_install_gamebarwidget, Scenario.Status:abandoned, Scenario.Step:stop, Scenario.Steps:[{"Scenario.Status":"abandoned","Scenario.Step":"stop","delta":1,"elapsed":174,"elapsedSinceProcessStart":552,"previousStep":"start","sequence":1,"stepDelta":1}], Scenario.StepsEx:[{"reason":"flag_off"}], delta:1, elapsed:174, elapsedSinceProcessStart:552, previousStep:start, reason:flag_off, sequence:1, stepDelta:1
2024-02-01T06:51:37.706757+03:00 0x00000cd8 <INFO> TelemetryService: Telemetry service stopped
