2024-02-01T18:35:35.795586+03:00 0x00001568 <INFO> RoomsPlatformUtils: Process invoked without rooms flag, no platform ID override provided
2024-02-01T18:35:35.797570+03:00 0x00000638 <INFO> SingleThreadedWorker: Waiting for Work on worker thread : TelemetryServiceWorker
2024-02-01T18:35:35.882843+03:00 0x00001568 <INFO> TelemetryService: Sampling rules from previous session recovered
2024-02-01T18:35:35.885381+03:00 0x00001568 <INFO> BackgroundTaskBase: Registering msteamsupdate.exe as bgtask com server for task: TeamsEcsTask
2024-02-01T18:35:35.885381+03:00 0x00001568 <INFO> Scenario: shell_bgtask_comserverregistration [start,success] Scenario.Status:success, Scenario.Step:start, delta:0, elapsed:0, elapsedSinceProcessStart:294, sequence:0
2024-02-01T18:35:35.903067+03:00 0x00001dd4 <INFO> EcsBackgroundTask: Starting ecs background task
2024-02-01T18:35:35.904577+03:00 0x00001dd4 <INFO> Scenario: shell_ecs_refresh [start,success] Scenario.Status:success, Scenario.Step:start, delta:0, elapsed:0, elapsedSinceProcessStart:312, sequence:0
2024-02-01T18:35:35.942236+03:00 0x00001dd4 <INFO> Scenario: shell_peristent_storage_read [start,success] Scenario.Status:success, Scenario.Step:start, delta:0, elapsed:38, elapsedSinceProcessStart:350, sequence:0
2024-02-01T18:35:35.942236+03:00 0x00001dd4 <INFO> TelemetryService: Restored sampling rules from previous session
2024-02-01T18:35:35.942236+03:00 0x00001dd4 <INFO> Scenario: shell_peristent_storage_read [stop,abandoned] InstanceId:e69838b3-82cb-45eb-a84f-bc34e1982171, Scenario.Mode:1, Scenario.Name:shell_peristent_storage_read, Scenario.Status:abandoned, Scenario.Step:stop, delta:0, elapsed:38, elapsedSinceProcessStart:350, error:no such file or directory, fileName:configuration.json, previousStep:start, sequence:1, stepDelta:0
2024-02-01T18:35:35.948532+03:00 0x00001dd4 <INFO> Scenario: shell_peristent_storage_read [start,success] Scenario.Status:success, Scenario.Step:start, delta:0, elapsed:44, elapsedSinceProcessStart:356, sequence:0
2024-02-01T18:35:35.955271+03:00 0x00001dd4 <INFO> Scenario: shell_peristent_storage_read [stop,success] InstanceId:fd34d623-87a7-4a3a-abab-119344f636ba, Scenario.Mode:1, Scenario.Name:shell_peristent_storage_read, Scenario.Status:success, Scenario.Step:stop, delta:7, elapsed:51, elapsedSinceProcessStart:363, fileName:ecs_request_param.json, previousStep:start, sequence:1, stepDelta:7
2024-02-01T18:35:35.955271+03:00 0x00001dd4 <INFO> TelemetryService: No primary user detected during a SetUserTenantId Call, setting 9188040d-6c67-4c5b-b112-36a304b66dad as default tenant
2024-02-01T18:35:35.957273+03:00 0x00001dd4 <INFO> TelemetryService: No primary user detected during a SetUserId Call, setting 00000000-0000-0000-1184-934a1875c200 as UserInfo_Id
2024-02-01T18:35:35.971374+03:00 0x00001dd4 <INFO> Scenario: shell_ecs_cache [start,success] Scenario.Status:success, Scenario.Step:start, delta:0, elapsed:67, elapsedSinceProcessStart:379, sequence:0
2024-02-01T18:35:35.978371+03:00 0x00001dd4 <INFO> Scenario: shell_ecs_cache [stop,success] InstanceId:543b2fe0-fc9a-4a91-a1d7-c15d857cc6ff, LatestVersion:23335.242.2641.4129, LatestVersionPath:/BuildSettings/WebView2/x64/latestVersion, Scenario.Mode:1, Scenario.Name:shell_ecs_cache, Scenario.Status:success, Scenario.Step:stop, StatusCode:, TeamsBuilds:["arm64","x64","x86"], TeamsWebView2:["app","auth","autostart","core","deviceCapability","ecs","extensibility","hfpCallManager","logging","meetNow","nativeModules","nbaFinalExperience","security","systemTray","taskbar","telemetry","thirdPartyDevices","tma","toasts","update","uxStateError","webLauncher","webNrc","webview","windowcontrols"], configExpiryTimeInSec:0, delta:7, elapsed:74, elapsedSinceProcessStart:386, expiry:Thu, 01 Feb 2024 18:55:05 GMT, previousStep:start, process:updater, requestParameters:{"ClientId":"d4dd0bc8-6927-40de-bb1b-530af98ad8de","aaduserid":"00000000-0000-0000-1184-934a1875c200","agents":"TeamsBuilds,TeamsWebview2","audience":"general","cloud":"Consumer","cpuarch":"x64","desktopVersion":"23335.242.2641.4129","environment":"life","id":"00000000-0000-0000-1184-934a1875c200","osplatform":"windows","osversion":"10.0.22621","teamslocale":"en-us","teamsring":"general","tenantId":"9188040d-6c67-4c5b-b112-36a304b66dad"}, sequence:1, stepDelta:7
2024-02-01T18:35:35.978371+03:00 0x00001dd4 <INFO> EcsFetchCompletion: Ecs settings are already up to date
2024-02-01T18:35:35.978371+03:00 0x00001dd4 <INFO> Scenario: shell_ecs_refresh [stop,abandoned] InstanceId:5887c1f8-dcc0-4779-8483-6397819b708f, Scenario.Mode:1, Scenario.Name:shell_ecs_refresh, Scenario.Status:abandoned, Scenario.Step:stop, delta:75, elapsed:75, elapsedSinceProcessStart:387, previousStep:start, reason:up to date, sequence:1, stepDelta:75
2024-02-01T18:35:35.985293+03:00 0x00001dd4 <INFO> EcsBackgroundTask: Completed ecs background task
2024-02-01T18:35:35.986288+03:00 0x00001568 <INFO> Scenario: shell_bgtask_comserverregistration [stop,success] InstanceId:f0c80db1-9259-4ede-b60e-4b92395d76be, Scenario.Mode:3, Scenario.Name:shell_bgtask_comserverregistration, Scenario.Status:success, Scenario.Step:stop, Scenario.Steps:[{"Scenario.Status":"success","Scenario.Step":"stop","delta":100,"elapsed":100,"elapsedSinceProcessStart":394,"previousStep":"start","sequence":1,"stepDelta":100}], Scenario.StepsEx:[{"taskName":"TeamsEcsTask"}], delta:100, elapsed:100, elapsedSinceProcessStart:394, previousStep:start, sequence:1, stepDelta:100, taskName:TeamsEcsTask
2024-02-01T18:35:37.039656+03:00 0x00001568 <INFO> TelemetryService: Telemetry service stopped
