Error loading "hint" package from "c:\Users\hp\Desktop\Myprojects\WebProjects\DadJokeGen"
Trying to load shared version
Error loading shared "hint" package
Error: Cannot find module 'hint'
Require stack:
- c:\Users\hp\.vscode\extensions\ms-edgedevtools.vscode-edge-devtools-2.1.3\node_modules\vscode-webhint\dist\src\server.js
    at Module._resolveFilename (node:internal/modules/cjs/loader:1129:15)
    at Function.resolve (node:internal/modules/cjs/helpers:116:19)
    at loadPackage (c:\Users\hp\.vscode\extensions\ms-edgedevtools.vscode-edge-devtools-2.1.3\node_modules\vscode-webhint\dist\src\server.js:1:6070)
    at a (c:\Users\hp\.vscode\extensions\ms-edgedevtools.vscode-edge-devtools-2.1.3\node_modules\vscode-webhint\dist\src\server.js:1:8713)
    at t.loadWebhint (c:\Users\hp\.vscode\extensions\ms-edgedevtools.vscode-edge-devtools-2.1.3\node_modules\vscode-webhint\dist\src\server.js:1:9360)
    at t.Analyzer.initWebhint (c:\Users\hp\.vscode\extensions\ms-edgedevtools.vscode-edge-devtools-2.1.3\node_modules\vscode-webhint\dist\src\server.js:1:3292)
    at t.Analyzer.validateTextDocument (c:\Users\hp\.vscode\extensions\ms-edgedevtools.vscode-edge-devtools-2.1.3\node_modules\vscode-webhint\dist\src\server.js:1:3966)
    at c:\Users\hp\.vscode\extensions\ms-edgedevtools.vscode-edge-devtools-2.1.3\node_modules\vscode-webhint\dist\src\server.js:1:147226
    at o.invoke (c:\Users\hp\.vscode\extensions\ms-edgedevtools.vscode-edge-devtools-2.1.3\node_modules\vscode-webhint\dist\src\server.js:1:35810)
    at i.fire (c:\Users\hp\.vscode\extensions\ms-edgedevtools.vscode-edge-devtools-2.1.3\node_modules\vscode-webhint\dist\src\server.js:1:36571) {
  code: 'MODULE_NOT_FOUND',
  requireStack: [
    'c:\\Users\\hp\\.vscode\\extensions\\ms-edgedevtools.vscode-edge-devtools-2.1.3\\node_modules\\vscode-webhint\\dist\\src\\server.js'
  ]
}
Installing shared version of "hint"
Unable to install shared webhint instance Error: spawn npm.cmd ENOENT
    at ChildProcess._handle.onexit (node:internal/child_process:283:19)
    at onErrorNT (node:internal/child_process:476:16)
    at process.processTicksAndRejections (node:internal/process/task_queues:82:21) {
  errno: -4058,
  code: 'ENOENT',
  syscall: 'spawn npm.cmd',
  path: 'npm.cmd',
  spawnargs: [ 'init', '-y' ]
}
Unable to load shared webhint instance Error: Cannot find module 'hint'
Require stack:
- c:\Users\hp\.vscode\extensions\ms-edgedevtools.vscode-edge-devtools-2.1.3\node_modules\vscode-webhint\dist\src\server.js
    at Module._resolveFilename (node:internal/modules/cjs/loader:1129:15)
    at Function.resolve (node:internal/modules/cjs/helpers:116:19)
    at loadPackage (c:\Users\hp\.vscode\extensions\ms-edgedevtools.vscode-edge-devtools-2.1.3\node_modules\vscode-webhint\dist\src\server.js:1:6070)
    at a (c:\Users\hp\.vscode\extensions\ms-edgedevtools.vscode-edge-devtools-2.1.3\node_modules\vscode-webhint\dist\src\server.js:1:9055)
    at process.processTicksAndRejections (node:internal/process/task_queues:95:5)
    at async t.Analyzer.initWebhint (c:\Users\hp\.vscode\extensions\ms-edgedevtools.vscode-edge-devtools-2.1.3\node_modules\vscode-webhint\dist\src\server.js:1:3270)
    at async t.Analyzer.validateTextDocument (c:\Users\hp\.vscode\extensions\ms-edgedevtools.vscode-edge-devtools-2.1.3\node_modules\vscode-webhint\dist\src\server.js:1:3955)
    at async c:\Users\hp\.vscode\extensions\ms-edgedevtools.vscode-edge-devtools-2.1.3\node_modules\vscode-webhint\dist\src\server.js:1:147218 {
  code: 'MODULE_NOT_FOUND',
  requireStack: [
    'c:\\Users\\hp\\.vscode\\extensions\\ms-edgedevtools.vscode-edge-devtools-2.1.3\\node_modules\\vscode-webhint\\dist\\src\\server.js'
  ]
}
